[ 2015-07-28T16:15:33+08:00 ] 127.0.0.1 /github/wkAdmin/
INFO: [ app_begin ] --START--
INFO: Run Behavior\ReadHtmlCache [ RunTime:0.001000s ]
INFO: [ app_begin ] --END-- [ RunTime:0.002000s ]
INFO: [ view_parse ] --START--
INFO: [ template_filter ] --START--
INFO: Run Behavior\ContentReplace [ RunTime:0.000000s ]
INFO: [ template_filter ] --END-- [ RunTime:0.000000s ]
INFO: Run Behavior\ParseTemplate [ RunTime:0.012001s ]
INFO: [ view_parse ] --END-- [ RunTime:0.012001s ]
INFO: [ view_filter ] --START--
INFO: Run Behavior\WriteHtmlCache [ RunTime:0.001000s ]
INFO: [ view_filter ] --END-- [ RunTime:0.001000s ]
INFO: [ app_end ] --START--
INFO: Run Behavior\ShowPageTrace [ RunTime:0.001000s ]
INFO: [ app_end ] --END-- [ RunTime:0.001000s ]

[ 2015-07-28T16:20:36+08:00 ] 127.0.0.1 /github/wkAdmin/
INFO: [ app_begin ] --START--
INFO: Run Behavior\ReadHtmlCache [ RunTime:0.001000s ]
INFO: [ app_begin ] --END-- [ RunTime:0.002000s ]
INFO: [ view_parse ] --START--
INFO: [ template_filter ] --START--
INFO: Run Behavior\ContentReplace [ RunTime:0.000000s ]
INFO: [ template_filter ] --END-- [ RunTime:0.000000s ]
INFO: Run Behavior\ParseTemplate [ RunTime:0.004000s ]
INFO: [ view_parse ] --END-- [ RunTime:0.004000s ]
INFO: [ view_filter ] --START--
INFO: Run Behavior\WriteHtmlCache [ RunTime:0.001000s ]
INFO: [ view_filter ] --END-- [ RunTime:0.001000s ]
INFO: [ app_end ] --START--
INFO: Run Behavior\ShowPageTrace [ RunTime:0.000000s ]
INFO: [ app_end ] --END-- [ RunTime:0.000000s ]

[ 2015-07-28T16:20:38+08:00 ] 127.0.0.1 /github/wkAdmin/
INFO: [ app_begin ] --START--
INFO: Run Behavior\ReadHtmlCache [ RunTime:0.001000s ]
INFO: [ app_begin ] --END-- [ RunTime:0.002000s ]
INFO: [ view_parse ] --START--
NOTIC: [2] ucfirst() expects parameter 1 to be string, array given E:\project\github\wkAdmin\ThinkPHP\Library\Think\Storage.class.php 第 36 行.
INFO: Run Behavior\ParseTemplate [ RunTime:0.001000s ]
INFO: [ view_parse ] --END-- [ RunTime:0.001000s ]
INFO: [ view_filter ] --START--
INFO: Run Behavior\WriteHtmlCache [ RunTime:0.001000s ]
INFO: [ view_filter ] --END-- [ RunTime:0.001000s ]
INFO: [ app_end ] --START--
INFO: Run Behavior\ShowPageTrace [ RunTime:0.000000s ]
INFO: [ app_end ] --END-- [ RunTime:0.000000s ]

[ 2015-07-28T16:20:54+08:00 ] 127.0.0.1 /github/wkAdmin/
INFO: [ app_begin ] --START--
INFO: Run Behavior\ReadHtmlCache [ RunTime:0.001000s ]
INFO: [ app_begin ] --END-- [ RunTime:0.002000s ]

[ 2015-07-28T16:50:08+08:00 ] 127.0.0.1 /github/wkAdmin/
INFO: [ app_begin ] --START--
INFO: Run Behavior\ReadHtmlCache [ RunTime:0.001000s ]
INFO: [ app_begin ] --END-- [ RunTime:0.001000s ]
INFO: [ view_parse ] --START--
NOTIC: [2] ucfirst() expects parameter 1 to be string, array given E:\project\github\wkAdmin\ThinkPHP\Library\Think\Storage.class.php 第 36 行.
INFO: Run Behavior\ParseTemplate [ RunTime:0.001000s ]
INFO: [ view_parse ] --END-- [ RunTime:0.001000s ]
INFO: [ view_filter ] --START--
INFO: Run Behavior\WriteHtmlCache [ RunTime:0.000000s ]
INFO: [ view_filter ] --END-- [ RunTime:0.000000s ]
INFO: [ app_end ] --START--
INFO: Run Behavior\ShowPageTrace [ RunTime:0.001000s ]
INFO: [ app_end ] --END-- [ RunTime:0.001000s ]

[ 2015-07-28T17:19:18+08:00 ] 127.0.0.1 /github/wkAdmin/
INFO: [ app_begin ] --START--
INFO: Run Behavior\ReadHtmlCache [ RunTime:0.000000s ]
INFO: [ app_begin ] --END-- [ RunTime:0.001000s ]

[ 2015-07-28T17:20:02+08:00 ] 127.0.0.1 /github/wkAdmin/
INFO: [ app_begin ] --START--
INFO: Run Behavior\ReadHtmlCache [ RunTime:0.001000s ]
INFO: [ app_begin ] --END-- [ RunTime:0.003000s ]

[ 2015-07-28T17:20:02+08:00 ] 127.0.0.1 /github/wkAdmin/index.php/Admin/Public/login.html
INFO: [ app_begin ] --START--
INFO: Run Behavior\ReadHtmlCache [ RunTime:0.000000s ]
INFO: [ app_begin ] --END-- [ RunTime:0.000000s ]
ERR: 模板不存在:./Application/Admin/View/Public/login.html

[ 2015-07-28T17:21:53+08:00 ] 127.0.0.1 /github/wkAdmin/index.php/Admin/Public/login.html
INFO: [ app_begin ] --START--
INFO: Run Behavior\ReadHtmlCache [ RunTime:0.001000s ]
INFO: [ app_begin ] --END-- [ RunTime:0.001000s ]
INFO: [ view_parse ] --START--
INFO: [ template_filter ] --START--
INFO: Run Behavior\ContentReplace [ RunTime:0.000000s ]
INFO: [ template_filter ] --END-- [ RunTime:0.000000s ]
NOTIC: [8] Undefined variable: site_title E:\project\github\wkAdmin\Application\Runtime\Cache\Admin\4587887e30ba531f03334355c997631c.php 第 22 行.
NOTIC: [8] Undefined variable: site_title E:\project\github\wkAdmin\Application\Runtime\Cache\Admin\4587887e30ba531f03334355c997631c.php 第 32 行.
NOTIC: [8] Undefined variable: version_code E:\project\github\wkAdmin\Application\Runtime\Cache\Admin\4587887e30ba531f03334355c997631c.php 第 32 行.
NOTIC: [8] Undefined variable: site_title E:\project\github\wkAdmin\Application\Runtime\Cache\Admin\4587887e30ba531f03334355c997631c.php 第 59 行.
NOTIC: [8] Undefined variable: version_code E:\project\github\wkAdmin\Application\Runtime\Cache\Admin\4587887e30ba531f03334355c997631c.php 第 59 行.
INFO: Run Behavior\ParseTemplate [ RunTime:0.006000s ]
INFO: [ view_parse ] --END-- [ RunTime:0.006000s ]
INFO: [ view_filter ] --START--
INFO: Run Behavior\WriteHtmlCache [ RunTime:0.001000s ]
INFO: [ view_filter ] --END-- [ RunTime:0.001000s ]

[ 2015-07-28T17:21:53+08:00 ] 127.0.0.1 /github/wkAdmin/index.php/Admin/Public/__CORE__/css/H-ui.login.css
INFO: [ app_begin ] --START--
INFO: Run Behavior\ReadHtmlCache [ RunTime:0.001000s ]
INFO: [ app_begin ] --END-- [ RunTime:0.001000s ]
ERR: 非法操作:__core__

[ 2015-07-28T17:21:53+08:00 ] 127.0.0.1 /github/wkAdmin/index.php/Admin/Public/__STATIC__/jquery-1.10.2.js
INFO: [ app_begin ] --START--
INFO: Run Behavior\ReadHtmlCache [ RunTime:0.001000s ]
INFO: [ app_begin ] --END-- [ RunTime:0.002000s ]
ERR: 非法操作:__static__

[ 2015-07-28T17:21:53+08:00 ] 127.0.0.1 /github/wkAdmin/index.php/Admin/Public/__CORE__/css/H-ui.css
INFO: [ app_begin ] --START--
INFO: Run Behavior\ReadHtmlCache [ RunTime:0.001000s ]
INFO: [ app_begin ] --END-- [ RunTime:0.001000s ]
ERR: 非法操作:__core__

[ 2015-07-28T17:21:53+08:00 ] 127.0.0.1 /github/wkAdmin/index.php/Admin/Public/__CORE__/js/H-ui.js
INFO: [ app_begin ] --START--
INFO: Run Behavior\ReadHtmlCache [ RunTime:0.000000s ]
INFO: [ app_begin ] --END-- [ RunTime:0.001000s ]
ERR: 非法操作:__core__

[ 2015-07-28T17:21:53+08:00 ] 127.0.0.1 /github/wkAdmin/index.php/Admin/Public/%3C/github/wkAdmin/index.php/Admin/Public/simpleCaptcha.html%3E?0.7935686932881633
INFO: [ app_begin ] --START--
INFO: Run Behavior\ReadHtmlCache [ RunTime:0.000000s ]
INFO: [ app_begin ] --END-- [ RunTime:0.000000s ]
ERR: 非法操作:

[ 2015-07-28T17:48:26+08:00 ] 127.0.0.1 /github/wkAdmin/Admin-Public-login
INFO: [ app_begin ] --START--
INFO: Run Behavior\ReadHtmlCache [ RunTime:0.001000s ]
INFO: [ app_begin ] --END-- [ RunTime:0.001000s ]
INFO: [ view_parse ] --START--
INFO: [ template_filter ] --START--
INFO: Run Behavior\ContentReplace [ RunTime:0.000000s ]
INFO: [ template_filter ] --END-- [ RunTime:0.000000s ]
NOTIC: [8] Undefined variable: site_title E:\project\github\wkAdmin\Application\Runtime\Cache\Admin\4587887e30ba531f03334355c997631c.php 第 22 行.
NOTIC: [8] Undefined variable: site_title E:\project\github\wkAdmin\Application\Runtime\Cache\Admin\4587887e30ba531f03334355c997631c.php 第 32 行.
NOTIC: [8] Undefined variable: version_code E:\project\github\wkAdmin\Application\Runtime\Cache\Admin\4587887e30ba531f03334355c997631c.php 第 32 行.
NOTIC: [8] Undefined variable: site_title E:\project\github\wkAdmin\Application\Runtime\Cache\Admin\4587887e30ba531f03334355c997631c.php 第 59 行.
NOTIC: [8] Undefined variable: version_code E:\project\github\wkAdmin\Application\Runtime\Cache\Admin\4587887e30ba531f03334355c997631c.php 第 59 行.
INFO: Run Behavior\ParseTemplate [ RunTime:0.006000s ]
INFO: [ view_parse ] --END-- [ RunTime:0.006000s ]
INFO: [ view_filter ] --START--
INFO: Run Behavior\WriteHtmlCache [ RunTime:0.000000s ]
INFO: [ view_filter ] --END-- [ RunTime:0.000000s ]

[ 2015-07-28T17:48:26+08:00 ] 127.0.0.1 /github/wkAdmin/Admin-Public-simpleCaptcha.html?0.6953841724861681
INFO: [ app_begin ] --START--
INFO: Run Behavior\ReadHtmlCache [ RunTime:0.001000s ]
INFO: [ app_begin ] --END-- [ RunTime:0.001000s ]

[ 2015-07-28T17:49:07+08:00 ] 127.0.0.1 /github/wkAdmin/Admin-Public-login
INFO: [ app_begin ] --START--
INFO: Run Behavior\ReadHtmlCache [ RunTime:0.000000s ]
INFO: [ app_begin ] --END-- [ RunTime:0.001000s ]
INFO: [ view_parse ] --START--
INFO: [ template_filter ] --START--
INFO: Run Behavior\ContentReplace [ RunTime:0.000000s ]
INFO: [ template_filter ] --END-- [ RunTime:0.000000s ]
NOTIC: [8] Undefined variable: site_title E:\project\github\wkAdmin\Application\Runtime\Cache\Admin\4587887e30ba531f03334355c997631c.php 第 22 行.
NOTIC: [8] Undefined variable: site_title E:\project\github\wkAdmin\Application\Runtime\Cache\Admin\4587887e30ba531f03334355c997631c.php 第 32 行.
NOTIC: [8] Undefined variable: version_code E:\project\github\wkAdmin\Application\Runtime\Cache\Admin\4587887e30ba531f03334355c997631c.php 第 32 行.
NOTIC: [8] Undefined variable: site_title E:\project\github\wkAdmin\Application\Runtime\Cache\Admin\4587887e30ba531f03334355c997631c.php 第 59 行.
NOTIC: [8] Undefined variable: version_code E:\project\github\wkAdmin\Application\Runtime\Cache\Admin\4587887e30ba531f03334355c997631c.php 第 59 行.
INFO: Run Behavior\ParseTemplate [ RunTime:0.006000s ]
INFO: [ view_parse ] --END-- [ RunTime:0.006000s ]
INFO: [ view_filter ] --START--
INFO: Run Behavior\WriteHtmlCache [ RunTime:0.000000s ]
INFO: [ view_filter ] --END-- [ RunTime:0.000000s ]

[ 2015-07-28T17:49:07+08:00 ] 127.0.0.1 /github/wkAdmin/Admin-Public-simpleCaptcha.html?0.6269869101122698
INFO: [ app_begin ] --START--
INFO: Run Behavior\ReadHtmlCache [ RunTime:0.001000s ]
INFO: [ app_begin ] --END-- [ RunTime:0.001000s ]

[ 2015-07-28T17:49:34+08:00 ] 127.0.0.1 /github/wkAdmin/Admin-Public-login
INFO: [ app_begin ] --START--
INFO: Run Behavior\ReadHtmlCache [ RunTime:0.000000s ]
INFO: [ app_begin ] --END-- [ RunTime:0.001000s ]
INFO: [ view_parse ] --START--
INFO: [ template_filter ] --START--
INFO: Run Behavior\ContentReplace [ RunTime:0.000000s ]
INFO: [ template_filter ] --END-- [ RunTime:0.000000s ]
NOTIC: [8] Undefined variable: site_title E:\project\github\wkAdmin\Application\Runtime\Cache\Admin\4587887e30ba531f03334355c997631c.php 第 22 行.
NOTIC: [8] Undefined variable: site_title E:\project\github\wkAdmin\Application\Runtime\Cache\Admin\4587887e30ba531f03334355c997631c.php 第 32 行.
NOTIC: [8] Undefined variable: version_code E:\project\github\wkAdmin\Application\Runtime\Cache\Admin\4587887e30ba531f03334355c997631c.php 第 32 行.
NOTIC: [8] Undefined variable: site_title E:\project\github\wkAdmin\Application\Runtime\Cache\Admin\4587887e30ba531f03334355c997631c.php 第 59 行.
NOTIC: [8] Undefined variable: version_code E:\project\github\wkAdmin\Application\Runtime\Cache\Admin\4587887e30ba531f03334355c997631c.php 第 59 行.
INFO: Run Behavior\ParseTemplate [ RunTime:0.007001s ]
INFO: [ view_parse ] --END-- [ RunTime:0.007001s ]
INFO: [ view_filter ] --START--
INFO: Run Behavior\WriteHtmlCache [ RunTime:0.000000s ]
INFO: [ view_filter ] --END-- [ RunTime:0.000000s ]

[ 2015-07-28T17:49:35+08:00 ] 127.0.0.1 /github/wkAdmin/Admin-Public-simpleCaptcha.html?0.732325942248381
INFO: [ app_begin ] --START--
INFO: Run Behavior\ReadHtmlCache [ RunTime:0.000000s ]
INFO: [ app_begin ] --END-- [ RunTime:0.000000s ]

[ 2015-07-28T17:56:27+08:00 ] 127.0.0.1 /github/wkAdmin/Admin-Public-login
INFO: [ app_begin ] --START--
INFO: Run Behavior\ReadHtmlCache [ RunTime:0.001000s ]
INFO: [ app_begin ] --END-- [ RunTime:0.001000s ]
INFO: [ view_parse ] --START--
INFO: [ template_filter ] --START--
INFO: Run Behavior\ContentReplace [ RunTime:0.000000s ]
INFO: [ template_filter ] --END-- [ RunTime:0.000000s ]
NOTIC: [8] Undefined variable: site_title E:\project\github\wkAdmin\Application\Runtime\Cache\Admin\4587887e30ba531f03334355c997631c.php 第 22 行.
NOTIC: [8] Undefined variable: site_title E:\project\github\wkAdmin\Application\Runtime\Cache\Admin\4587887e30ba531f03334355c997631c.php 第 32 行.
NOTIC: [8] Undefined variable: version_code E:\project\github\wkAdmin\Application\Runtime\Cache\Admin\4587887e30ba531f03334355c997631c.php 第 32 行.
NOTIC: [8] Undefined variable: site_title E:\project\github\wkAdmin\Application\Runtime\Cache\Admin\4587887e30ba531f03334355c997631c.php 第 59 行.
NOTIC: [8] Undefined variable: version_code E:\project\github\wkAdmin\Application\Runtime\Cache\Admin\4587887e30ba531f03334355c997631c.php 第 59 行.
INFO: Run Behavior\ParseTemplate [ RunTime:0.009000s ]
INFO: [ view_parse ] --END-- [ RunTime:0.009000s ]
INFO: [ view_filter ] --START--
INFO: Run Behavior\WriteHtmlCache [ RunTime:0.001000s ]
INFO: [ view_filter ] --END-- [ RunTime:0.001000s ]

[ 2015-07-28T17:56:27+08:00 ] 127.0.0.1 /github/wkAdmin/Admin-Public-simpleCaptcha.html?0.48000059567426634
INFO: [ app_begin ] --START--
INFO: Run Behavior\ReadHtmlCache [ RunTime:0.000000s ]
INFO: [ app_begin ] --END-- [ RunTime:0.001000s ]

[ 2015-07-28T18:03:43+08:00 ] 127.0.0.1 /github/wkAdmin/Admin-Public-login
INFO: [ app_begin ] --START--
INFO: Run Behavior\ReadHtmlCache [ RunTime:0.001000s ]
INFO: [ app_begin ] --END-- [ RunTime:0.001000s ]
INFO: [ view_parse ] --START--
INFO: [ template_filter ] --START--
INFO: Run Behavior\ContentReplace [ RunTime:0.000000s ]
INFO: [ template_filter ] --END-- [ RunTime:0.000000s ]
INFO: Run Behavior\ParseTemplate [ RunTime:0.008000s ]
INFO: [ view_parse ] --END-- [ RunTime:0.008000s ]
INFO: [ view_filter ] --START--
INFO: Run Behavior\WriteHtmlCache [ RunTime:0.000000s ]
INFO: [ view_filter ] --END-- [ RunTime:0.000000s ]

[ 2015-07-28T18:03:43+08:00 ] 127.0.0.1 /github/wkAdmin/Admin-Public-simpleCaptcha.html?0.7430989513583253
INFO: [ app_begin ] --START--
INFO: Run Behavior\ReadHtmlCache [ RunTime:0.001000s ]
INFO: [ app_begin ] --END-- [ RunTime:0.001000s ]

[ 2015-07-28T18:04:27+08:00 ] 127.0.0.1 /github/wkAdmin/Admin-Public-login
INFO: [ app_begin ] --START--
INFO: Run Behavior\ReadHtmlCache [ RunTime:0.001000s ]
INFO: [ app_begin ] --END-- [ RunTime:0.002000s ]
INFO: [ view_parse ] --START--
INFO: [ template_filter ] --START--
INFO: Run Behavior\ContentReplace [ RunTime:0.000000s ]
INFO: [ template_filter ] --END-- [ RunTime:0.000000s ]
INFO: Run Behavior\ParseTemplate [ RunTime:0.006001s ]
INFO: [ view_parse ] --END-- [ RunTime:0.006001s ]
INFO: [ view_filter ] --START--
INFO: Run Behavior\WriteHtmlCache [ RunTime:0.000000s ]
INFO: [ view_filter ] --END-- [ RunTime:0.000000s ]

[ 2015-07-28T18:04:27+08:00 ] 127.0.0.1 /github/wkAdmin/Admin-Public-simpleCaptcha.html?0.9733668930090762
INFO: [ app_begin ] --START--
INFO: Run Behavior\ReadHtmlCache [ RunTime:0.000000s ]
INFO: [ app_begin ] --END-- [ RunTime:0.000000s ]

[ 2015-07-28T18:04:58+08:00 ] 127.0.0.1 /github/wkAdmin/Admin-Public-login
INFO: [ app_begin ] --START--
INFO: Run Behavior\ReadHtmlCache [ RunTime:0.001000s ]
INFO: [ app_begin ] --END-- [ RunTime:0.001000s ]
INFO: [ view_parse ] --START--
INFO: [ template_filter ] --START--
INFO: Run Behavior\ContentReplace [ RunTime:0.000000s ]
INFO: [ template_filter ] --END-- [ RunTime:0.000000s ]
INFO: Run Behavior\ParseTemplate [ RunTime:0.004000s ]
INFO: [ view_parse ] --END-- [ RunTime:0.004000s ]
INFO: [ view_filter ] --START--
INFO: Run Behavior\WriteHtmlCache [ RunTime:0.000000s ]
INFO: [ view_filter ] --END-- [ RunTime:0.000000s ]

[ 2015-07-28T18:04:59+08:00 ] 127.0.0.1 /github/wkAdmin/Admin-Public-simpleCaptcha.html?0.2895973473894258
INFO: [ app_begin ] --START--
INFO: Run Behavior\ReadHtmlCache [ RunTime:0.000000s ]
INFO: [ app_begin ] --END-- [ RunTime:0.001000s ]

[ 2015-07-28T18:05:04+08:00 ] 127.0.0.1 /github/wkAdmin/Admin-Public-login
INFO: [ app_begin ] --START--
INFO: Run Behavior\ReadHtmlCache [ RunTime:0.001000s ]
INFO: [ app_begin ] --END-- [ RunTime:0.001000s ]
INFO: [ view_parse ] --START--
INFO: [ template_filter ] --START--
INFO: Run Behavior\ContentReplace [ RunTime:0.000000s ]
INFO: [ template_filter ] --END-- [ RunTime:0.000000s ]
INFO: Run Behavior\ParseTemplate [ RunTime:0.005001s ]
INFO: [ view_parse ] --END-- [ RunTime:0.005001s ]
INFO: [ view_filter ] --START--
INFO: Run Behavior\WriteHtmlCache [ RunTime:0.000000s ]
INFO: [ view_filter ] --END-- [ RunTime:0.000000s ]

[ 2015-07-28T18:05:04+08:00 ] 127.0.0.1 /github/wkAdmin/Admin-Public-simpleCaptcha.html?0.3952521843611472
INFO: [ app_begin ] --START--
INFO: Run Behavior\ReadHtmlCache [ RunTime:0.000000s ]
INFO: [ app_begin ] --END-- [ RunTime:0.000000s ]

[ 2015-07-28T18:05:08+08:00 ] 127.0.0.1 /github/wkAdmin/Admin-Public-login
INFO: [ app_begin ] --START--
INFO: Run Behavior\ReadHtmlCache [ RunTime:0.000000s ]
INFO: [ app_begin ] --END-- [ RunTime:0.002001s ]
INFO: [ view_parse ] --START--
INFO: [ template_filter ] --START--
INFO: Run Behavior\ContentReplace [ RunTime:0.000000s ]
INFO: [ template_filter ] --END-- [ RunTime:0.000000s ]
INFO: Run Behavior\ParseTemplate [ RunTime:0.004000s ]
INFO: [ view_parse ] --END-- [ RunTime:0.004000s ]
INFO: [ view_filter ] --START--
INFO: Run Behavior\WriteHtmlCache [ RunTime:0.001000s ]
INFO: [ view_filter ] --END-- [ RunTime:0.001000s ]

[ 2015-07-28T18:05:09+08:00 ] 127.0.0.1 /github/wkAdmin/Admin-Public-simpleCaptcha.html?0.8457583156377749
INFO: [ app_begin ] --START--
INFO: Run Behavior\ReadHtmlCache [ RunTime:0.001000s ]
INFO: [ app_begin ] --END-- [ RunTime:0.001000s ]

[ 2015-07-28T18:06:22+08:00 ] 127.0.0.1 /github/wkAdmin/Admin-Public-login
INFO: [ app_begin ] --START--
INFO: Run Behavior\ReadHtmlCache [ RunTime:0.000000s ]
INFO: [ app_begin ] --END-- [ RunTime:0.001000s ]
INFO: [ view_parse ] --START--
INFO: [ template_filter ] --START--
INFO: Run Behavior\ContentReplace [ RunTime:0.000000s ]
INFO: [ template_filter ] --END-- [ RunTime:0.000000s ]
INFO: Run Behavior\ParseTemplate [ RunTime:0.004000s ]
INFO: [ view_parse ] --END-- [ RunTime:0.005000s ]
INFO: [ view_filter ] --START--
INFO: Run Behavior\WriteHtmlCache [ RunTime:0.000000s ]
INFO: [ view_filter ] --END-- [ RunTime:0.000000s ]

[ 2015-07-28T18:06:22+08:00 ] 127.0.0.1 /github/wkAdmin/Admin-Public-simpleCaptcha.html?0.18153418642369146
INFO: [ app_begin ] --START--
INFO: Run Behavior\ReadHtmlCache [ RunTime:0.001000s ]
INFO: [ app_begin ] --END-- [ RunTime:0.001000s ]

[ 2015-07-28T18:06:55+08:00 ] 127.0.0.1 /github/wkAdmin/Admin-Public-login
INFO: [ app_begin ] --START--
INFO: Run Behavior\ReadHtmlCache [ RunTime:0.000000s ]
INFO: [ app_begin ] --END-- [ RunTime:0.000000s ]
INFO: [ view_parse ] --START--
INFO: [ template_filter ] --START--
INFO: Run Behavior\ContentReplace [ RunTime:0.000000s ]
INFO: [ template_filter ] --END-- [ RunTime:0.000000s ]
INFO: Run Behavior\ParseTemplate [ RunTime:0.004001s ]
INFO: [ view_parse ] --END-- [ RunTime:0.004001s ]
INFO: [ view_filter ] --START--
INFO: Run Behavior\WriteHtmlCache [ RunTime:0.000000s ]
INFO: [ view_filter ] --END-- [ RunTime:0.000000s ]

[ 2015-07-28T18:06:56+08:00 ] 127.0.0.1 /github/wkAdmin/Admin-Public-simpleCaptcha.html?0.9229522713966453
INFO: [ app_begin ] --START--
INFO: Run Behavior\ReadHtmlCache [ RunTime:0.001000s ]
INFO: [ app_begin ] --END-- [ RunTime:0.002000s ]

[ 2015-07-28T18:07:42+08:00 ] 127.0.0.1 /github/wkAdmin/Admin-Public-login
INFO: [ app_begin ] --START--
INFO: Run Behavior\ReadHtmlCache [ RunTime:0.000000s ]
INFO: [ app_begin ] --END-- [ RunTime:0.000000s ]
INFO: [ view_parse ] --START--
INFO: [ template_filter ] --START--
INFO: Run Behavior\ContentReplace [ RunTime:0.000000s ]
INFO: [ template_filter ] --END-- [ RunTime:0.000000s ]
INFO: Run Behavior\ParseTemplate [ RunTime:0.004000s ]
INFO: [ view_parse ] --END-- [ RunTime:0.004000s ]
INFO: [ view_filter ] --START--
INFO: Run Behavior\WriteHtmlCache [ RunTime:0.000000s ]
INFO: [ view_filter ] --END-- [ RunTime:0.000000s ]

[ 2015-07-28T18:07:42+08:00 ] 127.0.0.1 /github/wkAdmin/Admin-Public-simpleCaptcha.html?0.8329245118498401
INFO: [ app_begin ] --START--
INFO: Run Behavior\ReadHtmlCache [ RunTime:0.001000s ]
INFO: [ app_begin ] --END-- [ RunTime:0.001000s ]

[ 2015-07-28T18:07:50+08:00 ] 127.0.0.1 /github/wkAdmin/Admin-Public-simpleCaptcha.html?0.7608572599302234
INFO: [ app_begin ] --START--
INFO: Run Behavior\ReadHtmlCache [ RunTime:0.001000s ]
INFO: [ app_begin ] --END-- [ RunTime:0.001000s ]

[ 2015-07-28T18:07:51+08:00 ] 127.0.0.1 /github/wkAdmin/Admin-Public-simpleCaptcha.html?0.8737539951550736
INFO: [ app_begin ] --START--
INFO: Run Behavior\ReadHtmlCache [ RunTime:0.001000s ]
INFO: [ app_begin ] --END-- [ RunTime:0.001000s ]

[ 2015-07-28T18:07:52+08:00 ] 127.0.0.1 /github/wkAdmin/Admin-Public-simpleCaptcha.html?0.33586210097298896
INFO: [ app_begin ] --START--
INFO: Run Behavior\ReadHtmlCache [ RunTime:0.000000s ]
INFO: [ app_begin ] --END-- [ RunTime:0.001000s ]

[ 2015-07-28T18:08:16+08:00 ] 127.0.0.1 /github/wkAdmin/Admin-Public-login
INFO: [ app_begin ] --START--
INFO: Run Behavior\ReadHtmlCache [ RunTime:0.001000s ]
INFO: [ app_begin ] --END-- [ RunTime:0.001000s ]
INFO: [ view_parse ] --START--
INFO: [ template_filter ] --START--
INFO: Run Behavior\ContentReplace [ RunTime:0.000000s ]
INFO: [ template_filter ] --END-- [ RunTime:0.000000s ]
INFO: Run Behavior\ParseTemplate [ RunTime:0.006001s ]
INFO: [ view_parse ] --END-- [ RunTime:0.007001s ]
INFO: [ view_filter ] --START--
INFO: Run Behavior\WriteHtmlCache [ RunTime:0.000000s ]
INFO: [ view_filter ] --END-- [ RunTime:0.000000s ]

[ 2015-07-28T18:08:17+08:00 ] 127.0.0.1 /github/wkAdmin/Admin-Public-simpleCaptcha.html?0.26397578688747503
INFO: [ app_begin ] --START--
INFO: Run Behavior\ReadHtmlCache [ RunTime:0.000000s ]
INFO: [ app_begin ] --END-- [ RunTime:0.001000s ]

[ 2015-07-28T18:08:18+08:00 ] 127.0.0.1 /github/wkAdmin/Admin-Public-simpleCaptcha.html?0.43391033522637257
INFO: [ app_begin ] --START--
INFO: Run Behavior\ReadHtmlCache [ RunTime:0.000000s ]
INFO: [ app_begin ] --END-- [ RunTime:0.000000s ]

[ 2015-07-28T18:08:19+08:00 ] 127.0.0.1 /github/wkAdmin/Admin-Public-simpleCaptcha.html?0.6153400163988865
INFO: [ app_begin ] --START--
INFO: Run Behavior\ReadHtmlCache [ RunTime:0.001000s ]
INFO: [ app_begin ] --END-- [ RunTime:0.002000s ]

[ 2015-07-28T18:08:42+08:00 ] 127.0.0.1 /github/wkAdmin/Admin-Public-login
INFO: [ app_begin ] --START--
INFO: Run Behavior\ReadHtmlCache [ RunTime:0.000000s ]
INFO: [ app_begin ] --END-- [ RunTime:0.001000s ]
INFO: [ view_parse ] --START--
INFO: [ template_filter ] --START--
INFO: Run Behavior\ContentReplace [ RunTime:0.000000s ]
INFO: [ template_filter ] --END-- [ RunTime:0.000000s ]
INFO: Run Behavior\ParseTemplate [ RunTime:0.006000s ]
INFO: [ view_parse ] --END-- [ RunTime:0.006000s ]
INFO: [ view_filter ] --START--
INFO: Run Behavior\WriteHtmlCache [ RunTime:0.000000s ]
INFO: [ view_filter ] --END-- [ RunTime:0.000000s ]

[ 2015-07-28T18:08:42+08:00 ] 127.0.0.1 /github/wkAdmin/Admin-Public-simpleCaptcha.html?0.3501044478511981
INFO: [ app_begin ] --START--
INFO: Run Behavior\ReadHtmlCache [ RunTime:0.000000s ]
INFO: [ app_begin ] --END-- [ RunTime:0.000000s ]

[ 2015-07-28T18:13:52+08:00 ] 127.0.0.1 /github/wkAdmin/Admin-Public-simpleCaptcha.html?0.14557951661582857
INFO: [ app_begin ] --START--
INFO: Run Behavior\ReadHtmlCache [ RunTime:0.001000s ]
INFO: [ app_begin ] --END-- [ RunTime:0.001000s ]

[ 2015-07-28T18:13:53+08:00 ] 127.0.0.1 /github/wkAdmin/Admin-Public-simpleCaptcha.html?0.10381002616925128
INFO: [ app_begin ] --START--
INFO: Run Behavior\ReadHtmlCache [ RunTime:0.001000s ]
INFO: [ app_begin ] --END-- [ RunTime:0.001000s ]

[ 2015-07-28T18:13:53+08:00 ] 127.0.0.1 /github/wkAdmin/Admin-Public-simpleCaptcha.html?0.6705160185621563
INFO: [ app_begin ] --START--
INFO: Run Behavior\ReadHtmlCache [ RunTime:0.000000s ]
INFO: [ app_begin ] --END-- [ RunTime:0.001000s ]

[ 2015-07-28T18:13:53+08:00 ] 127.0.0.1 /github/wkAdmin/Admin-Public-simpleCaptcha.html?0.7559165501158699
INFO: [ app_begin ] --START--
INFO: Run Behavior\ReadHtmlCache [ RunTime:0.001000s ]
INFO: [ app_begin ] --END-- [ RunTime:0.001000s ]

[ 2015-07-28T18:13:53+08:00 ] 127.0.0.1 /github/wkAdmin/Admin-Public-simpleCaptcha.html?0.9927367216008106
INFO: [ app_begin ] --START--
INFO: Run Behavior\ReadHtmlCache [ RunTime:0.001000s ]
INFO: [ app_begin ] --END-- [ RunTime:0.001000s ]

[ 2015-07-28T18:13:54+08:00 ] 127.0.0.1 /github/wkAdmin/Admin-Public-simpleCaptcha.html?0.2992972998692399
INFO: [ app_begin ] --START--
INFO: Run Behavior\ReadHtmlCache [ RunTime:0.000000s ]
INFO: [ app_begin ] --END-- [ RunTime:0.000000s ]

[ 2015-07-28T18:13:54+08:00 ] 127.0.0.1 /github/wkAdmin/Admin-Public-simpleCaptcha.html?0.03370740706388231
INFO: [ app_begin ] --START--
INFO: Run Behavior\ReadHtmlCache [ RunTime:0.000000s ]
INFO: [ app_begin ] --END-- [ RunTime:0.001000s ]

[ 2015-07-28T18:13:54+08:00 ] 127.0.0.1 /github/wkAdmin/Admin-Public-simpleCaptcha.html?0.5590957515362456
INFO: [ app_begin ] --START--
INFO: Run Behavior\ReadHtmlCache [ RunTime:0.000000s ]
INFO: [ app_begin ] --END-- [ RunTime:0.001000s ]

[ 2015-07-28T18:13:56+08:00 ] 127.0.0.1 /github/wkAdmin/Admin-Public-simpleCaptcha.html?0.6394936231059272
INFO: [ app_begin ] --START--
INFO: Run Behavior\ReadHtmlCache [ RunTime:0.000000s ]
INFO: [ app_begin ] --END-- [ RunTime:0.000000s ]

[ 2015-07-28T18:13:56+08:00 ] 127.0.0.1 /github/wkAdmin/Admin-Public-simpleCaptcha.html?0.6981780038839943
INFO: [ app_begin ] --START--
INFO: Run Behavior\ReadHtmlCache [ RunTime:0.001001s ]
INFO: [ app_begin ] --END-- [ RunTime:0.001001s ]

[ 2015-07-28T18:13:56+08:00 ] 127.0.0.1 /github/wkAdmin/Admin-Public-simpleCaptcha.html?0.6879933798038033
INFO: [ app_begin ] --START--
INFO: Run Behavior\ReadHtmlCache [ RunTime:0.001000s ]
INFO: [ app_begin ] --END-- [ RunTime:0.001000s ]

[ 2015-07-28T18:13:56+08:00 ] 127.0.0.1 /github/wkAdmin/Admin-Public-simpleCaptcha.html?0.9899532712698625
INFO: [ app_begin ] --START--
INFO: Run Behavior\ReadHtmlCache [ RunTime:0.001000s ]
INFO: [ app_begin ] --END-- [ RunTime:0.002000s ]

[ 2015-07-28T18:15:22+08:00 ] 127.0.0.1 /github/wkAdmin/Admin-Public-login
INFO: [ app_begin ] --START--
INFO: Run Behavior\ReadHtmlCache [ RunTime:0.000000s ]
INFO: [ app_begin ] --END-- [ RunTime:0.001000s ]
INFO: [ view_parse ] --START--
INFO: [ template_filter ] --START--
INFO: Run Behavior\ContentReplace [ RunTime:0.000000s ]
INFO: [ template_filter ] --END-- [ RunTime:0.000000s ]
INFO: Run Behavior\ParseTemplate [ RunTime:0.005001s ]
INFO: [ view_parse ] --END-- [ RunTime:0.005001s ]
INFO: [ view_filter ] --START--
INFO: Run Behavior\WriteHtmlCache [ RunTime:0.000000s ]
INFO: [ view_filter ] --END-- [ RunTime:0.000000s ]

[ 2015-07-28T18:15:22+08:00 ] 127.0.0.1 /github/wkAdmin/Admin-Public-simpleCaptcha.html?0.04379775471737912
INFO: [ app_begin ] --START--
INFO: Run Behavior\ReadHtmlCache [ RunTime:0.001000s ]
INFO: [ app_begin ] --END-- [ RunTime:0.001000s ]

[ 2015-07-28T18:15:26+08:00 ] 127.0.0.1 /github/wkAdmin/Admin-Public-login
INFO: [ app_begin ] --START--
INFO: Run Behavior\ReadHtmlCache [ RunTime:0.001000s ]
INFO: [ app_begin ] --END-- [ RunTime:0.002000s ]
INFO: [ view_parse ] --START--
INFO: [ template_filter ] --START--
INFO: Run Behavior\ContentReplace [ RunTime:0.000000s ]
INFO: [ template_filter ] --END-- [ RunTime:0.000000s ]
INFO: Run Behavior\ParseTemplate [ RunTime:0.007001s ]
INFO: [ view_parse ] --END-- [ RunTime:0.007001s ]
INFO: [ view_filter ] --START--
INFO: Run Behavior\WriteHtmlCache [ RunTime:0.000000s ]
INFO: [ view_filter ] --END-- [ RunTime:0.000000s ]

[ 2015-07-28T18:15:26+08:00 ] 127.0.0.1 /github/wkAdmin/Admin-Public-simpleCaptcha.html?0.5376794968481236
INFO: [ app_begin ] --START--
INFO: Run Behavior\ReadHtmlCache [ RunTime:0.000000s ]
INFO: [ app_begin ] --END-- [ RunTime:0.000000s ]

